<?xml version="1.0" encoding="UTF-8"?>
<testng-results skipped="0" failed="0" ignored="0" total="1" passed="1">
  <reporter-output>
  </reporter-output>
  <suite name="RunJqueryFunctions" duration-ms="29262" started-at="2020-12-06T18:46:48 IST" finished-at="2020-12-06T18:47:17 IST">
    <groups>
    </groups>
    <test name="Selectable" duration-ms="29262" started-at="2020-12-06T18:46:48 IST" finished-at="2020-12-06T18:47:17 IST">
      <class name="testCases.SelectableTC_004">
        <test-method status="PASS" signature="LaunchBrowser()[pri:0, instance:testCases.SelectableTC_004@16aaa8d]" name="LaunchBrowser" is-config="true" duration-ms="16858" started-at="2020-12-06T18:46:48 IST" finished-at="2020-12-06T18:47:05 IST">
          <reporter-output>
          </reporter-output>
        </test-method> <!-- LaunchBrowser -->
        <test-method status="PASS" signature="execDropFunc()[pri:0, instance:testCases.SelectableTC_004@16aaa8d]" name="execDropFunc" duration-ms="11059" started-at="2020-12-06T18:47:05 IST" finished-at="2020-12-06T18:47:16 IST">
          <reporter-output>
          </reporter-output>
        </test-method> <!-- execDropFunc -->
        <test-method status="PASS" signature="exitBrwoser()[pri:0, instance:testCases.SelectableTC_004@16aaa8d]" name="exitBrwoser" is-config="true" duration-ms="1273" started-at="2020-12-06T18:47:16 IST" finished-at="2020-12-06T18:47:17 IST">
          <reporter-output>
          </reporter-output>
        </test-method> <!-- exitBrwoser -->
      </class> <!-- testCases.SelectableTC_004 -->
    </test> <!-- Selectable -->
  </suite> <!-- RunJqueryFunctions -->
</testng-results>
